<?xml version="1.0" encoding="UTF-8"?>
<!-- Generated by org.testng.reporters.JUnitReportReporter -->
<testsuite hostname="ADMINRG-D1VBJ0A" failures="0" tests="1" name="sample.Demo" time="0.037" errors="0" timestamp="2023-08-09T15:14:44 IST" skipped="0">
  <testcase classname="sample.Demo" name="sample" time="0.037"/>
  <system-out/>
</testsuite> <!-- sample.Demo -->
